<?xml version="1.0" encoding="UTF-8"?>
<testng-results skipped="0" failed="0" total="1" passed="1">
  <reporter-output>
  </reporter-output>
  <suite name="Default suite" duration-ms="246848" started-at="2021-01-19T06:40:44Z" finished-at="2021-01-19T06:44:51Z">
    <groups>
    </groups>
    <test name="Default test" duration-ms="246848" started-at="2021-01-19T06:40:44Z" finished-at="2021-01-19T06:44:51Z">
      <class name="TestScripts.AddAssignmentTest">
        <test-method status="PASS" signature="setUP()[pri:0, instance:TestScripts.AddAssignmentTest@6e06451e]" name="setUP" is-config="true" duration-ms="19450" started-at="2021-01-19T12:10:25Z" finished-at="2021-01-19T12:10:44Z">
          <reporter-output>
          </reporter-output>
        </test-method> <!-- setUP -->
        <test-method status="PASS" signature="setup()[pri:0, instance:TestScripts.AddAssignmentTest@6e06451e]" name="setup" is-config="true" duration-ms="2270" started-at="2021-01-19T12:10:44Z" finished-at="2021-01-19T12:10:46Z">
          <reporter-output>
          </reporter-output>
        </test-method> <!-- setup -->
        <test-method status="PASS" signature="addAssignmentTest()[pri:0, instance:TestScripts.AddAssignmentTest@6e06451e]" name="addAssignmentTest" duration-ms="231660" started-at="2021-01-19T12:10:46Z" finished-at="2021-01-19T12:14:38Z">
          <reporter-output>
          </reporter-output>
        </test-method> <!-- addAssignmentTest -->
        <test-method status="PASS" signature="endTest()[pri:0, instance:TestScripts.AddAssignmentTest@6e06451e]" name="endTest" is-config="true" duration-ms="12881" started-at="2021-01-19T12:14:38Z" finished-at="2021-01-19T12:14:51Z">
          <reporter-output>
          </reporter-output>
        </test-method> <!-- endTest -->
      </class> <!-- TestScripts.AddAssignmentTest -->
    </test> <!-- Default test -->
  </suite> <!-- Default suite -->
</testng-results>
